[debug] [2022-11-17T04:05:02.091Z] ----------------------------------------------------------------------
[debug] [2022-11-17T04:05:02.093Z] Command:       C:\Program Files\nodejs\node.exe C:\Users\dzlab\AppData\Roaming\npm\node_modules\firebase-tools\lib\bin\firebase.js init
[debug] [2022-11-17T04:05:02.094Z] CLI Version:   11.16.0
[debug] [2022-11-17T04:05:02.094Z] Platform:      win32
[debug] [2022-11-17T04:05:02.094Z] Node Version:  v19.1.0
[debug] [2022-11-17T04:05:02.094Z] Time:          Wed Nov 16 2022 23:05:02 GMT-0500 (Eastern Standard Time)
[debug] [2022-11-17T04:05:02.094Z] ----------------------------------------------------------------------
[debug] 
[debug] [2022-11-17T04:05:02.155Z] > command requires scopes: ["email","openid","https://www.googleapis.com/auth/cloudplatformprojects.readonly","https://www.googleapis.com/auth/firebase","https://www.googleapis.com/auth/cloud-platform"]
[debug] [2022-11-17T04:05:02.156Z] > authorizing via signed-in user (dzhang.projects@gmail.com)
[info] 
     ######## #### ########  ######## ########     ###     ######  ########
     ##        ##  ##     ## ##       ##     ##  ##   ##  ##       ##
     ######    ##  ########  ######   ########  #########  ######  ######
     ##        ##  ##    ##  ##       ##     ## ##     ##       ## ##
     ##       #### ##     ## ######## ########  ##     ##  ######  ########

You're about to initialize a Firebase project in this directory:

  C:\Users\dzlab\Documents\Projects\Personal\ToDo\DzToDo

Before we get started, keep in mind:

  * You are initializing within an existing Firebase project directory

